<?xml version="1.0" encoding="UTF-8"?>
<testng-results total="1" passed="1" failed="0" skipped="0">
  <reporter-output>
  </reporter-output>
  <suite started-at="2024-02-02T06:04:19Z" name="Default suite" finished-at="2024-02-02T06:04:37Z" duration-ms="18251">
    <groups>
    </groups>
    <test started-at="2024-02-02T06:04:19Z" name="Default test" finished-at="2024-02-02T06:04:37Z" duration-ms="18251">
      <class name="com.model.testsuite.testing">
        <test-method is-config="true" signature="browseropen()[pri:0, instance:com.model.testsuite.testing@7582ff54]" started-at="2024-02-02T11:34:19Z" name="browseropen" finished-at="2024-02-02T11:34:25Z" duration-ms="6262" status="PASS">
          <reporter-output>
          </reporter-output>
        </test-method> <!-- browseropen -->
        <test-method signature="testexec()[pri:0, instance:com.model.testsuite.testing@7582ff54]" started-at="2024-02-02T11:34:25Z" name="testexec" finished-at="2024-02-02T11:34:37Z" duration-ms="11553" status="PASS">
          <reporter-output>
          </reporter-output>
        </test-method> <!-- testexec -->
        <test-method is-config="true" signature="at()[pri:0, instance:com.model.testsuite.testing@7582ff54]" started-at="2024-02-02T11:34:37Z" name="at" finished-at="2024-02-02T11:34:37Z" duration-ms="416" status="PASS">
          <reporter-output>
          </reporter-output>
        </test-method> <!-- at -->
      </class> <!-- com.model.testsuite.testing -->
    </test> <!-- Default test -->
  </suite> <!-- Default suite -->
</testng-results>
