<?xml version="1.0" encoding="UTF-8"?>
<testng-results ignored="0" total="1" passed="1" failed="0" skipped="0">
  <reporter-output>
  </reporter-output>
  <suite started-at="2024-02-01T12:58:29 IST" name="Default suite" finished-at="2024-02-01T12:58:42 IST" duration-ms="12826">
    <groups>
    </groups>
    <test started-at="2024-02-01T12:58:29 IST" name="Default test" finished-at="2024-02-01T12:58:42 IST" duration-ms="12826">
      <class name="com.actions.chrome">
        <test-method is-config="true" signature="intialise()[pri:0, instance:com.actions.chrome@17497425]" started-at="2024-02-01T12:58:29 IST" name="intialise" finished-at="2024-02-01T12:58:41 IST" duration-ms="11780" status="PASS">
          <reporter-output>
          </reporter-output>
        </test-method> <!-- intialise -->
        <test-method signature="tes()[pri:0, instance:com.actions.chrome@17497425]" started-at="2024-02-01T12:58:41 IST" name="tes" finished-at="2024-02-01T12:58:42 IST" duration-ms="977" status="PASS">
          <reporter-output>
          </reporter-output>
        </test-method> <!-- tes -->
      </class> <!-- com.actions.chrome -->
    </test> <!-- Default test -->
  </suite> <!-- Default suite -->
</testng-results>
