<?xml version="1.0" encoding="UTF-8"?>
<testng-results ignored="0" total="2" passed="2" failed="0" skipped="0">
  <reporter-output>
  </reporter-output>
  <suite started-at="2024-02-11T15:56:20 IST" name="Default suite" finished-at="2024-02-11T15:56:44 IST" duration-ms="23965">
    <groups>
    </groups>
    <test started-at="2024-02-11T15:56:20 IST" name="Default test" finished-at="2024-02-11T15:56:44 IST" duration-ms="23965">
      <class name="com.taf.testsuite.SignUpPageTest">
        <test-method is-config="true" signature="setup()[pri:0, instance:com.taf.testsuite.SignUpPageTest@21e360a]" started-at="2024-02-11T15:56:20 IST" name="setup" finished-at="2024-02-11T15:56:30 IST" duration-ms="9854" status="PASS">
          <reporter-output>
          </reporter-output>
        </test-method> <!-- setup -->
        <test-method signature="verifiedtitle()[pri:0, instance:com.taf.testsuite.SignUpPageTest@21e360a]" started-at="2024-02-11T15:56:30 IST" name="verifiedtitle" finished-at="2024-02-11T15:56:30 IST" duration-ms="17" status="PASS">
          <reporter-output>
          </reporter-output>
        </test-method> <!-- verifiedtitle -->
        <test-method is-config="true" signature="tearDown()[pri:0, instance:com.taf.testsuite.SignUpPageTest@21e360a]" started-at="2024-02-11T15:56:30 IST" name="tearDown" finished-at="2024-02-11T15:56:31 IST" duration-ms="1393" status="PASS">
          <reporter-output>
          </reporter-output>
        </test-method> <!-- tearDown -->
        <test-method is-config="true" signature="setup()[pri:0, instance:com.taf.testsuite.SignUpPageTest@21e360a]" started-at="2024-02-11T15:56:31 IST" name="setup" finished-at="2024-02-11T15:56:40 IST" duration-ms="8859" status="PASS">
          <reporter-output>
          </reporter-output>
        </test-method> <!-- setup -->
        <test-method signature="signuptest()[pri:1, instance:com.taf.testsuite.SignUpPageTest@21e360a]" started-at="2024-02-11T15:56:40 IST" name="signuptest" finished-at="2024-02-11T15:56:42 IST" duration-ms="2434" status="PASS">
          <reporter-output>
          </reporter-output>
        </test-method> <!-- signuptest -->
        <test-method is-config="true" signature="tearDown()[pri:0, instance:com.taf.testsuite.SignUpPageTest@21e360a]" started-at="2024-02-11T15:56:42 IST" name="tearDown" finished-at="2024-02-11T15:56:44 IST" duration-ms="1350" status="PASS">
          <reporter-output>
          </reporter-output>
        </test-method> <!-- tearDown -->
      </class> <!-- com.taf.testsuite.SignUpPageTest -->
    </test> <!-- Default test -->
  </suite> <!-- Default suite -->
</testng-results>
