<?xml version="1.0" encoding="UTF-8"?>
<robot generator="Robot 6.0.2 (Python 3.11.2 on win32)" generated="20231027 18:23:12.952" rpa="false" schemaversion="3">
<suite id="s1" name="Demojen" source="D:\seperate\robot framework practice\RFjenkins\demojen.robot">
<test id="s1-t1" name="opening web application" line="17">
<kw name="opening application">
<kw name="Open Browser" library="SeleniumLibrary">
<arg>${url}</arg>
<arg>${browser}</arg>
<doc>Opens a new browser instance to the optional ``url``.</doc>
<msg timestamp="20231027 18:23:13.261" level="INFO">Opening browser 'edge' to base url 'https://www.google.com'.</msg>
<msg timestamp="20231027 18:23:13.273" level="INFO">Applicable driver not found; attempting to install with Selenium Manager (Beta)</msg>
<status status="PASS" starttime="20231027 18:23:13.260" endtime="20231027 18:23:17.073"/>
</kw>
<kw name="Maximize Browser Window" library="SeleniumLibrary">
<doc>Maximizes current browser window.</doc>
<status status="PASS" starttime="20231027 18:23:17.073" endtime="20231027 18:23:17.211"/>
</kw>
<kw name="Sleep" library="BuiltIn">
<arg>20s</arg>
<doc>Pauses the test executed for the given time.</doc>
<msg timestamp="20231027 18:23:37.214" level="INFO">Slept 20 seconds</msg>
<status status="PASS" starttime="20231027 18:23:17.212" endtime="20231027 18:23:37.215"/>
</kw>
<status status="PASS" starttime="20231027 18:23:13.259" endtime="20231027 18:23:37.215"/>
</kw>
<status status="PASS" starttime="20231027 18:23:13.258" endtime="20231027 18:23:37.217"/>
</test>
<status status="PASS" starttime="20231027 18:23:12.954" endtime="20231027 18:23:37.240"/>
</suite>
<statistics>
<total>
<stat pass="1" fail="0" skip="0">All Tests</stat>
</total>
<tag>
</tag>
<suite>
<stat pass="1" fail="0" skip="0" id="s1" name="Demojen">Demojen</stat>
</suite>
</statistics>
<errors>
</errors>
</robot>
