<?xml version="1.0" encoding="UTF-8"?>
<testng-results total="3" passed="3" failed="0" skipped="0">
  <reporter-output>
  </reporter-output>
  <suite started-at="2024-03-01T10:18:55Z" name="Suite" finished-at="2024-03-01T10:20:07Z" duration-ms="72094">
    <groups>
    </groups>
    <test started-at="2024-03-01T10:18:55Z" name="Test" finished-at="2024-03-01T10:20:07Z" duration-ms="72094">
      <class name="com.assign.testsuite.TestLogin">
        <test-method is-config="true" signature="init()[pri:0, instance:com.assign.testsuite.TestLogin@6134ac4a]" started-at="2024-03-01T15:49:35Z" name="init" finished-at="2024-03-01T15:49:39Z" duration-ms="3750" status="PASS">
          <reporter-output>
          </reporter-output>
        </test-method> <!-- init -->
        <test-method signature="test3()[pri:0, instance:com.assign.testsuite.TestLogin@6134ac4a]" started-at="2024-03-01T15:49:39Z" name="test3" finished-at="2024-03-01T15:50:05Z" duration-ms="26285" status="PASS">
          <reporter-output>
          </reporter-output>
        </test-method> <!-- test3 -->
        <test-method is-config="true" signature="at3()[pri:0, instance:com.assign.testsuite.TestLogin@6134ac4a]" started-at="2024-03-01T15:50:05Z" name="at3" finished-at="2024-03-01T15:50:07Z" duration-ms="1526" status="PASS">
          <reporter-output>
          </reporter-output>
        </test-method> <!-- at3 -->
      </class> <!-- com.assign.testsuite.TestLogin -->
      <class name="com.assign.testsuite.TestHomePageTitle">
        <test-method is-config="true" signature="init()[pri:0, instance:com.assign.testsuite.TestHomePageTitle@6c2d4cc6]" started-at="2024-03-01T15:48:55Z" name="init" finished-at="2024-03-01T15:49:00Z" duration-ms="5355" status="PASS">
          <reporter-output>
          </reporter-output>
        </test-method> <!-- init -->
        <test-method signature="test1()[pri:0, instance:com.assign.testsuite.TestHomePageTitle@6c2d4cc6]" started-at="2024-03-01T15:49:00Z" name="test1" finished-at="2024-03-01T15:49:23Z" duration-ms="23304" status="PASS">
          <reporter-output>
          </reporter-output>
        </test-method> <!-- test1 -->
        <test-method is-config="true" signature="at1()[pri:0, instance:com.assign.testsuite.TestHomePageTitle@6c2d4cc6]" started-at="2024-03-01T15:49:23Z" name="at1" finished-at="2024-03-01T15:49:25Z" duration-ms="1533" status="PASS">
          <reporter-output>
          </reporter-output>
        </test-method> <!-- at1 -->
      </class> <!-- com.assign.testsuite.TestHomePageTitle -->
      <class name="com.assign.testsuite.TestCourseList">
        <test-method is-config="true" signature="init()[pri:0, instance:com.assign.testsuite.TestCourseList@30865a90]" started-at="2024-03-01T15:49:25Z" name="init" finished-at="2024-03-01T15:49:29Z" duration-ms="3801" status="PASS">
          <reporter-output>
          </reporter-output>
        </test-method> <!-- init -->
        <test-method signature="test2()[pri:0, instance:com.assign.testsuite.TestCourseList@30865a90]" started-at="2024-03-01T15:49:29Z" name="test2" finished-at="2024-03-01T15:49:34Z" duration-ms="4908" status="PASS">
          <reporter-output>
          </reporter-output>
        </test-method> <!-- test2 -->
        <test-method is-config="true" signature="at2()[pri:0, instance:com.assign.testsuite.TestCourseList@30865a90]" started-at="2024-03-01T15:49:34Z" name="at2" finished-at="2024-03-01T15:49:35Z" duration-ms="1612" status="PASS">
          <reporter-output>
          </reporter-output>
        </test-method> <!-- at2 -->
      </class> <!-- com.assign.testsuite.TestCourseList -->
    </test> <!-- Test -->
  </suite> <!-- Suite -->
</testng-results>
