<?xml version="1.0" encoding="UTF-8"?>
<testng-results ignored="0" total="1" passed="1" failed="0" skipped="0">
  <reporter-output>
  </reporter-output>
  <suite started-at="2024-02-07T17:58:12 IST" name="Default suite" finished-at="2024-02-07T17:58:27 IST" duration-ms="14490">
    <groups>
    </groups>
    <test started-at="2024-02-07T17:58:12 IST" name="Default test" finished-at="2024-02-07T17:58:27 IST" duration-ms="14490">
      <class name="com.testsuitess.logintest2">
        <test-method is-config="true" signature="openbrowser()[pri:0, instance:com.testsuitess.logintest2@3e11f9e9]" started-at="2024-02-07T17:58:12 IST" name="openbrowser" finished-at="2024-02-07T17:58:17 IST" duration-ms="4548" status="PASS">
          <reporter-output>
          </reporter-output>
        </test-method> <!-- openbrowser -->
        <test-method signature="test1()[pri:0, instance:com.testsuitess.logintest2@3e11f9e9]" started-at="2024-02-07T17:58:17 IST" name="test1" finished-at="2024-02-07T17:58:27 IST" duration-ms="9881" status="PASS">
          <reporter-output>
          </reporter-output>
        </test-method> <!-- test1 -->
      </class> <!-- com.testsuitess.logintest2 -->
    </test> <!-- Default test -->
  </suite> <!-- Default suite -->
</testng-results>
