<?xml version="1.0" encoding="UTF-8"?>
<robot generator="Robot 6.1.1 (Python 3.11.2 on win32)" generated="20240219 16:46:26.532" rpa="false" schemaversion="4">
<suite id="s1" name="Demo4" source="d:\veera project\seperat\robot framework practice\practice3\demo4.robot">
<test id="s1-t1" name="validate successful login" line="49">
<kw name="opening browser with an application" library="resource" type="SETUP">
<kw name="Open Browser" library="SeleniumLibrary">
<arg>${url}</arg>
<arg>${browser}</arg>
<doc>Opens a new browser instance to the optional ``url``.</doc>
<msg timestamp="20240219 16:46:26.762" level="INFO">Opening browser 'chrome' to base url 'https://rahulshettyacademy.com/loginpagePractise/'.</msg>
<status status="PASS" starttime="20240219 16:46:26.762" endtime="20240219 16:46:28.211"/>
</kw>
<kw name="Maximize Browser Window" library="SeleniumLibrary">
<doc>Maximizes current browser window.</doc>
<status status="PASS" starttime="20240219 16:46:28.212" endtime="20240219 16:46:28.347"/>
</kw>
<status status="PASS" starttime="20240219 16:46:26.761" endtime="20240219 16:46:28.348"/>
</kw>
<kw name="Fill login form to display home page">
<arg>${value}</arg>
<arg>${valid_password}</arg>
<kw name="Input Text" library="SeleniumLibrary">
<arg>${uname}</arg>
<arg>${value}</arg>
<doc>Types the given ``text`` into the text field identified by ``locator``.</doc>
<msg timestamp="20240219 16:46:28.362" level="INFO">Typing text 'rahulshettyacademy' into text field 'xpath = //*[@id='username']'.</msg>
<status status="PASS" starttime="20240219 16:46:28.360" endtime="20240219 16:46:28.510"/>
</kw>
<kw name="Input Password" library="SeleniumLibrary">
<arg>${pwd}</arg>
<arg>${valid_password}</arg>
<doc>Types the given password into the text field identified by ``locator``.</doc>
<msg timestamp="20240219 16:46:28.511" level="INFO">Typing password into text field 'xpath = //*[@id='password']'.</msg>
<msg timestamp="20240219 16:46:28.553" level="INFO">Temporally setting log level to: NONE</msg>
<msg timestamp="20240219 16:46:28.607" level="INFO">Log level changed from NONE to INFO.</msg>
<status status="PASS" starttime="20240219 16:46:28.510" endtime="20240219 16:46:28.608"/>
</kw>
<kw name="Click Button" library="SeleniumLibrary">
<arg>${btn}</arg>
<doc>Clicks the button identified by ``locator``.</doc>
<msg timestamp="20240219 16:46:28.609" level="INFO">Clicking button 'xpath = //*[@id='signInBtn']'.</msg>
<status status="PASS" starttime="20240219 16:46:28.608" endtime="20240219 16:46:28.677"/>
</kw>
<kw name="Wait Until Element Is Visible" library="SeleniumLibrary">
<arg>${btns}</arg>
<doc>Waits until the element ``locator`` is visible.</doc>
<status status="PASS" starttime="20240219 16:46:28.677" endtime="20240219 16:46:31.865"/>
</kw>
<status status="PASS" starttime="20240219 16:46:28.359" endtime="20240219 16:46:31.865"/>
</kw>
<kw name="Display cards title verfication">
<kw name="Create List" library="BuiltIn">
<var>@{expected_list}</var>
<arg>iphone X</arg>
<arg>Samsung Note 8</arg>
<arg>Nokia Edge</arg>
<arg>Blackberry</arg>
<doc>Returns a list containing given items.</doc>
<msg timestamp="20240219 16:46:31.868" level="INFO">@{expected_list} = [ iphone X | Samsung Note 8 | Nokia Edge | Blackberry ]</msg>
<status status="PASS" starttime="20240219 16:46:31.866" endtime="20240219 16:46:31.868"/>
</kw>
<kw name="Get WebElements" library="SeleniumLibrary">
<var>${all_elements}</var>
<arg>css:.card-title</arg>
<doc>Returns a list of WebElement objects matching the ``locator``.</doc>
<msg timestamp="20240219 16:46:31.884" level="INFO">${all_elements} = [&lt;selenium.webdriver.remote.webelement.WebElement (session="8de47a43f6ec767b9a225be7ff193631", element="448BB9C78F87B2036CF0ABE60502A29E_element_72")&gt;, &lt;selenium.webdriver.remote.webelement.WebElement...</msg>
<status status="PASS" starttime="20240219 16:46:31.869" endtime="20240219 16:46:31.885"/>
</kw>
<kw name="Create List" library="BuiltIn">
<var>@{actual_list}</var>
<doc>Returns a list containing given items.</doc>
<msg timestamp="20240219 16:46:31.885" level="INFO">@{actual_list} = [ ]</msg>
<status status="PASS" starttime="20240219 16:46:31.885" endtime="20240219 16:46:31.886"/>
</kw>
<for flavor="IN">
<var>${element}</var>
<value>@{all_elements}</value>
<iter>
<var name="${element}">&lt;selenium.webdriver.remote.webelement.WebElement (session="8de47a43f6ec767b9a225be7ff193631", element="448BB9C78F87B2036CF0ABE60502A29E_element_72")&gt;</var>
<kw name="Log To Console" library="BuiltIn">
<arg>${element.text}</arg>
<doc>Logs the given message to the console.</doc>
<status status="PASS" starttime="20240219 16:46:31.887" endtime="20240219 16:46:31.908"/>
</kw>
<kw name="Append To List" library="Collections">
<arg>${actual_list}</arg>
<arg>${element.text}</arg>
<doc>Adds ``values`` to the end of ``list``.</doc>
<status status="PASS" starttime="20240219 16:46:31.909" endtime="20240219 16:46:31.920"/>
</kw>
<status status="PASS" starttime="20240219 16:46:31.886" endtime="20240219 16:46:31.920"/>
</iter>
<iter>
<var name="${element}">&lt;selenium.webdriver.remote.webelement.WebElement (session="8de47a43f6ec767b9a225be7ff193631", element="448BB9C78F87B2036CF0ABE60502A29E_element_73")&gt;</var>
<kw name="Log To Console" library="BuiltIn">
<arg>${element.text}</arg>
<doc>Logs the given message to the console.</doc>
<status status="PASS" starttime="20240219 16:46:31.921" endtime="20240219 16:46:31.931"/>
</kw>
<kw name="Append To List" library="Collections">
<arg>${actual_list}</arg>
<arg>${element.text}</arg>
<doc>Adds ``values`` to the end of ``list``.</doc>
<status status="PASS" starttime="20240219 16:46:31.931" endtime="20240219 16:46:31.942"/>
</kw>
<status status="PASS" starttime="20240219 16:46:31.921" endtime="20240219 16:46:31.942"/>
</iter>
<iter>
<var name="${element}">&lt;selenium.webdriver.remote.webelement.WebElement (session="8de47a43f6ec767b9a225be7ff193631", element="448BB9C78F87B2036CF0ABE60502A29E_element_74")&gt;</var>
<kw name="Log To Console" library="BuiltIn">
<arg>${element.text}</arg>
<doc>Logs the given message to the console.</doc>
<status status="PASS" starttime="20240219 16:46:31.942" endtime="20240219 16:46:31.952"/>
</kw>
<kw name="Append To List" library="Collections">
<arg>${actual_list}</arg>
<arg>${element.text}</arg>
<doc>Adds ``values`` to the end of ``list``.</doc>
<status status="PASS" starttime="20240219 16:46:31.953" endtime="20240219 16:46:32.013"/>
</kw>
<status status="PASS" starttime="20240219 16:46:31.942" endtime="20240219 16:46:32.014"/>
</iter>
<iter>
<var name="${element}">&lt;selenium.webdriver.remote.webelement.WebElement (session="8de47a43f6ec767b9a225be7ff193631", element="448BB9C78F87B2036CF0ABE60502A29E_element_75")&gt;</var>
<kw name="Log To Console" library="BuiltIn">
<arg>${element.text}</arg>
<doc>Logs the given message to the console.</doc>
<status status="PASS" starttime="20240219 16:46:32.014" endtime="20240219 16:46:32.038"/>
</kw>
<kw name="Append To List" library="Collections">
<arg>${actual_list}</arg>
<arg>${element.text}</arg>
<doc>Adds ``values`` to the end of ``list``.</doc>
<status status="PASS" starttime="20240219 16:46:32.039" endtime="20240219 16:46:32.047"/>
</kw>
<status status="PASS" starttime="20240219 16:46:32.014" endtime="20240219 16:46:32.047"/>
</iter>
<status status="PASS" starttime="20240219 16:46:31.886" endtime="20240219 16:46:32.047"/>
</for>
<kw name="Lists Should Be Equal" library="Collections">
<arg>${expected_list}</arg>
<arg>${actual_list}</arg>
<doc>Fails if given lists are unequal.</doc>
<status status="PASS" starttime="20240219 16:46:32.047" endtime="20240219 16:46:32.048"/>
</kw>
<status status="PASS" starttime="20240219 16:46:31.866" endtime="20240219 16:46:32.048"/>
</kw>
<kw name="Close Browser" library="SeleniumLibrary" type="TEARDOWN">
<doc>Closes the current browser.</doc>
<status status="PASS" starttime="20240219 16:46:32.048" endtime="20240219 16:46:34.268"/>
</kw>
<status status="PASS" starttime="20240219 16:46:26.761" endtime="20240219 16:46:34.268"/>
</test>
<status status="PASS" starttime="20240219 16:46:26.538" endtime="20240219 16:46:34.270"/>
</suite>
<statistics>
<total>
<stat pass="1" fail="0" skip="0">All Tests</stat>
</total>
<tag>
</tag>
<suite>
<stat pass="1" fail="0" skip="0" id="s1" name="Demo4">Demo4</stat>
</suite>
</statistics>
<errors>
</errors>
</robot>
