<?xml version="1.0" encoding="UTF-8"?>
<robot generator="Robot 6.0.2 (Python 3.11.2 on win32)" generated="20230328 14:56:24.821" rpa="false" schemaversion="3">
<suite id="s1" name="Demo7" source="D:\robot framework practice\practice6\demo7.robot">
<test id="s1-t1" name="Check email" line="42">
<kw name="opening application in different browser" library="resource21" type="SETUP">
<arg>edge</arg>
<kw name="Open Browser" library="SeleniumLibrary">
<arg>${url}</arg>
<arg>${browsername}</arg>
<doc>Opens a new browser instance to the optional ``url``.</doc>
<msg timestamp="20230328 14:56:25.098" level="INFO">Opening browser 'edge' to base url 'https://rahulshettyacademy.com/loginpagePractise/'.</msg>
<status status="PASS" starttime="20230328 14:56:25.096" endtime="20230328 14:56:27.761"/>
</kw>
<kw name="Maximize Browser Window" library="SeleniumLibrary">
<doc>Maximizes current browser window.</doc>
<status status="PASS" starttime="20230328 14:56:27.762" endtime="20230328 14:56:27.911"/>
</kw>
<status status="PASS" starttime="20230328 14:56:25.096" endtime="20230328 14:56:27.911"/>
</kw>
<kw name="get the email id in the child window">
<kw name="Get Text" library="SeleniumLibrary">
<var>${text}</var>
<arg>css:.red</arg>
<doc>Returns the text value of the element identified by ``locator``.</doc>
<msg timestamp="20230328 14:56:29.250" level="INFO" html="true">&lt;/td&gt;&lt;/tr&gt;&lt;tr&gt;&lt;td colspan="3"&gt;&lt;a href="selenium-screenshot-1.png"&gt;&lt;img src="selenium-screenshot-1.png" width="800px"&gt;&lt;/a&gt;</msg>
<msg timestamp="20230328 14:56:29.250" level="FAIL">Element with locator 'css:.red' not found.</msg>
<status status="FAIL" starttime="20230328 14:56:27.913" endtime="20230328 14:56:29.254"/>
</kw>
<kw name="Log To Console" library="BuiltIn">
<arg>${text}</arg>
<doc>Logs the given message to the console.</doc>
<status status="NOT RUN" starttime="20230328 14:56:29.254" endtime="20230328 14:56:29.254"/>
</kw>
<kw name="Split String" library="String">
<var>@{words}</var>
<arg>${text}</arg>
<arg>at</arg>
<doc>Splits the ``string`` using ``separator`` as a delimiter string.</doc>
<status status="NOT RUN" starttime="20230328 14:56:29.255" endtime="20230328 14:56:29.255"/>
</kw>
<kw name="Log To Console" library="BuiltIn">
<arg>${words}</arg>
<doc>Logs the given message to the console.</doc>
<status status="NOT RUN" starttime="20230328 14:56:29.255" endtime="20230328 14:56:29.255"/>
</kw>
<kw name="Get From List" library="Collections">
<var>${secondPart_value}</var>
<arg>${words}</arg>
<arg>1</arg>
<doc>Returns the value specified with an ``index`` from ``list``.</doc>
<status status="NOT RUN" starttime="20230328 14:56:29.255" endtime="20230328 14:56:29.256"/>
</kw>
<kw name="Log To Console" library="BuiltIn">
<arg>${secondPart_value}</arg>
<doc>Logs the given message to the console.</doc>
<status status="NOT RUN" starttime="20230328 14:56:29.256" endtime="20230328 14:56:29.256"/>
</kw>
<kw name="Split String" library="String">
<var>@{ssplit}</var>
<arg>${secondPart_value}</arg>
<doc>Splits the ``string`` using ``separator`` as a delimiter string.</doc>
<status status="NOT RUN" starttime="20230328 14:56:29.256" endtime="20230328 14:56:29.256"/>
</kw>
<kw name="Log To Console" library="BuiltIn">
<arg>${ssplit}</arg>
<doc>Logs the given message to the console.</doc>
<status status="NOT RUN" starttime="20230328 14:56:29.257" endtime="20230328 14:56:29.257"/>
</kw>
<kw name="Get From List" library="Collections">
<var>${email}</var>
<arg>${ssplit}</arg>
<arg>0</arg>
<doc>Returns the value specified with an ``index`` from ``list``.</doc>
<status status="NOT RUN" starttime="20230328 14:56:29.257" endtime="20230328 14:56:29.257"/>
</kw>
<kw name="Log To Console" library="BuiltIn">
<arg>${email}</arg>
<doc>Logs the given message to the console.</doc>
<status status="NOT RUN" starttime="20230328 14:56:29.257" endtime="20230328 14:56:29.257"/>
</kw>
<kw name="Switch Window" library="SeleniumLibrary">
<arg>MAIN</arg>
<doc>Switches to browser window matching ``locator``.</doc>
<status status="NOT RUN" starttime="20230328 14:56:29.258" endtime="20230328 14:56:29.258"/>
</kw>
<kw name="Title Should Be" library="SeleniumLibrary">
<arg>LoginPage Practise | Rahul Shetty Academy</arg>
<doc>Verifies that the current page title equals ``title``.</doc>
<status status="NOT RUN" starttime="20230328 14:56:29.258" endtime="20230328 14:56:29.258"/>
</kw>
<kw name="Input Text" library="SeleniumLibrary">
<arg>${uname}</arg>
<arg>${email}</arg>
<doc>Types the given ``text`` into the text field identified by ``locator``.</doc>
<status status="NOT RUN" starttime="20230328 14:56:29.258" endtime="20230328 14:56:29.258"/>
</kw>
<status status="FAIL" starttime="20230328 14:56:27.911" endtime="20230328 14:56:29.259"/>
</kw>
<status status="FAIL" starttime="20230328 14:56:25.095" endtime="20230328 14:56:29.259">Element with locator 'css:.red' not found.</status>
</test>
<status status="FAIL" starttime="20230328 14:56:24.831" endtime="20230328 14:56:29.260"/>
</suite>
<statistics>
<total>
<stat pass="0" fail="1" skip="0">All Tests</stat>
</total>
<tag>
</tag>
<suite>
<stat pass="0" fail="1" skip="0" id="s1" name="Demo7">Demo7</stat>
</suite>
</statistics>
<errors>
</errors>
</robot>
