<?xml version="1.0" encoding="UTF-8"?>
<robot generator="Robot 6.0.2 (Python 3.11.2 on win32)" generated="20230518 11:10:55.310" rpa="false" schemaversion="3">
<suite id="s1" name="Practice3" source="D:\robot framework practice\practice2\practice3.robot">
<test id="s1-t1" name="validate unsuccessful login" line="26">
<kw name="opening browser with an application" library="resource" type="SETUP">
<kw name="Open Browser" library="SeleniumLibrary">
<arg>${url}</arg>
<arg>${browser}</arg>
<doc>Opens a new browser instance to the optional ``url``.</doc>
<msg timestamp="20230518 11:10:55.634" level="INFO">Opening browser 'chrome' to base url 'https://rahulshettyacademy.com/loginpagePractise/'.</msg>
<status status="PASS" starttime="20230518 11:10:55.634" endtime="20230518 11:11:12.241"/>
</kw>
<kw name="Maximize Browser Window" library="SeleniumLibrary">
<doc>Maximizes current browser window.</doc>
<status status="PASS" starttime="20230518 11:11:12.242" endtime="20230518 11:11:12.369"/>
</kw>
<status status="PASS" starttime="20230518 11:10:55.634" endtime="20230518 11:11:12.369"/>
</kw>
<kw name="Fill login form">
<arg>${value}</arg>
<arg>${invalid_password}</arg>
<kw name="Input Text" library="SeleniumLibrary">
<arg>${uname}</arg>
<arg>${value}</arg>
<doc>Types the given ``text`` into the text field identified by ``locator``.</doc>
<msg timestamp="20230518 11:11:12.372" level="INFO">Typing text 'rahulshettyacademy' into text field 'xpath = //*[@id='username']'.</msg>
<status status="PASS" starttime="20230518 11:11:12.369" endtime="20230518 11:11:12.643"/>
</kw>
<kw name="Input Password" library="SeleniumLibrary">
<arg>${pwd}</arg>
<arg>${invalid_password}</arg>
<doc>Types the given password into the text field identified by ``locator``.</doc>
<msg timestamp="20230518 11:11:12.648" level="INFO">Typing password into text field 'xpath = //*[@id='password']'.</msg>
<msg timestamp="20230518 11:11:12.720" level="INFO">Temporally setting log level to: NONE</msg>
<msg timestamp="20230518 11:11:12.810" level="INFO">Log level changed from NONE to INFO.</msg>
<status status="PASS" starttime="20230518 11:11:12.643" endtime="20230518 11:11:12.810"/>
</kw>
<kw name="Click Button" library="SeleniumLibrary">
<arg>${btn}</arg>
<doc>Clicks the button identified by ``locator``.</doc>
<msg timestamp="20230518 11:11:12.811" level="INFO">Clicking button 'xpath = //*[@id='signInBtn']'.</msg>
<status status="PASS" starttime="20230518 11:11:12.810" endtime="20230518 11:11:13.058"/>
</kw>
<kw name="Wait Until Element Is Visible" library="SeleniumLibrary">
<arg>${error}</arg>
<doc>Waits until the element ``locator`` is visible.</doc>
<status status="PASS" starttime="20230518 11:11:13.059" endtime="20230518 11:11:15.306"/>
</kw>
<status status="PASS" starttime="20230518 11:11:12.369" endtime="20230518 11:11:15.306"/>
</kw>
<kw name="error correct message or not">
<kw name="Element Text Should Be" library="SeleniumLibrary">
<arg>${error}</arg>
<arg>Incorrect username/password.</arg>
<doc>Verifies that element ``locator`` contains exact the text ``expected``.</doc>
<msg timestamp="20230518 11:11:15.307" level="INFO">Verifying element 'css:.alert-danger' contains exact text 'Incorrect username/password.'.</msg>
<status status="PASS" starttime="20230518 11:11:15.307" endtime="20230518 11:11:15.392"/>
</kw>
<status status="PASS" starttime="20230518 11:11:15.306" endtime="20230518 11:11:15.393"/>
</kw>
<kw name="Close Browser" library="SeleniumLibrary" type="TEARDOWN">
<doc>Closes the current browser.</doc>
<status status="PASS" starttime="20230518 11:11:15.393" endtime="20230518 11:11:17.578"/>
</kw>
<status status="PASS" starttime="20230518 11:10:55.634" endtime="20230518 11:11:17.578"/>
</test>
<test id="s1-t2" name="validate successful login" line="30">
<kw name="opening browser with an application" library="resource" type="SETUP">
<kw name="Open Browser" library="SeleniumLibrary">
<arg>${url}</arg>
<arg>${browser}</arg>
<doc>Opens a new browser instance to the optional ``url``.</doc>
<msg timestamp="20230518 11:11:17.585" level="INFO">Opening browser 'chrome' to base url 'https://rahulshettyacademy.com/loginpagePractise/'.</msg>
<status status="PASS" starttime="20230518 11:11:17.585" endtime="20230518 11:11:20.928"/>
</kw>
<kw name="Maximize Browser Window" library="SeleniumLibrary">
<doc>Maximizes current browser window.</doc>
<status status="PASS" starttime="20230518 11:11:20.929" endtime="20230518 11:11:21.062"/>
</kw>
<status status="PASS" starttime="20230518 11:11:17.585" endtime="20230518 11:11:21.062"/>
</kw>
<kw name="Fill login form to display home page">
<arg>${value}</arg>
<arg>${valid_password}</arg>
<kw name="Input Text" library="SeleniumLibrary">
<arg>${uname}</arg>
<arg>${value}</arg>
<doc>Types the given ``text`` into the text field identified by ``locator``.</doc>
<msg timestamp="20230518 11:11:21.069" level="INFO">Typing text 'rahulshettyacademy' into text field 'xpath = //*[@id='username']'.</msg>
<status status="PASS" starttime="20230518 11:11:21.066" endtime="20230518 11:11:21.669"/>
</kw>
<kw name="Input Password" library="SeleniumLibrary">
<arg>${pwd}</arg>
<arg>${valid_password}</arg>
<doc>Types the given password into the text field identified by ``locator``.</doc>
<msg timestamp="20230518 11:11:21.669" level="INFO">Typing password into text field 'xpath = //*[@id='password']'.</msg>
<msg timestamp="20230518 11:11:22.011" level="INFO">Temporally setting log level to: NONE</msg>
<msg timestamp="20230518 11:11:22.194" level="INFO">Log level changed from NONE to INFO.</msg>
<status status="PASS" starttime="20230518 11:11:21.669" endtime="20230518 11:11:22.194"/>
</kw>
<kw name="Click Button" library="SeleniumLibrary">
<arg>${btn}</arg>
<doc>Clicks the button identified by ``locator``.</doc>
<msg timestamp="20230518 11:11:22.197" level="INFO">Clicking button 'xpath = //*[@id='signInBtn']'.</msg>
<status status="PASS" starttime="20230518 11:11:22.194" endtime="20230518 11:11:22.353"/>
</kw>
<kw name="Wait Until Element Is Visible" library="SeleniumLibrary">
<arg>${btns}</arg>
<doc>Waits until the element ``locator`` is visible.</doc>
<status status="PASS" starttime="20230518 11:11:22.353" endtime="20230518 11:11:27.042"/>
</kw>
<status status="PASS" starttime="20230518 11:11:21.062" endtime="20230518 11:11:27.042"/>
</kw>
<kw name="Close Browser" library="SeleniumLibrary" type="TEARDOWN">
<doc>Closes the current browser.</doc>
<status status="PASS" starttime="20230518 11:11:27.043" endtime="20230518 11:11:30.929"/>
</kw>
<status status="PASS" starttime="20230518 11:11:17.582" endtime="20230518 11:11:30.930"/>
</test>
<status status="PASS" starttime="20230518 11:10:55.312" endtime="20230518 11:11:30.933"/>
</suite>
<statistics>
<total>
<stat pass="2" fail="0" skip="0">All Tests</stat>
</total>
<tag>
</tag>
<suite>
<stat pass="2" fail="0" skip="0" id="s1" name="Practice3">Practice3</stat>
</suite>
</statistics>
<errors>
</errors>
</robot>
