<?xml version="1.0" encoding="UTF-8"?>
<robot generator="Robot 6.0.2 (Python 3.11.2 on win32)" generated="20231027 19:09:44.373" rpa="false" schemaversion="3">
<suite id="s1" name="Demojen1" source="D:\seperate\robot framework practice\Rfjenkins2\demojen1.robot">
<test id="s1-t1" name="opening web application" line="19">
<kw name="opening application">
<kw name="Open Browser" library="SeleniumLibrary">
<arg>${url}</arg>
<arg>${browser}</arg>
<doc>Opens a new browser instance to the optional ``url``.</doc>
<msg timestamp="20231027 19:09:44.616" level="INFO">Opening browser 'edge' to base url 'https://www.Flipkart.com'.</msg>
<msg timestamp="20231027 19:09:44.616" level="INFO">Applicable driver not found; attempting to install with Selenium Manager (Beta)</msg>
<status status="PASS" starttime="20231027 19:09:44.616" endtime="20231027 19:09:48.665"/>
</kw>
<kw name="Sleep" library="BuiltIn">
<arg>10s</arg>
<doc>Pauses the test executed for the given time.</doc>
<msg timestamp="20231027 19:09:58.666" level="INFO">Slept 10 seconds</msg>
<status status="PASS" starttime="20231027 19:09:48.665" endtime="20231027 19:09:58.666"/>
</kw>
<kw name="Maximize Browser Window" library="SeleniumLibrary">
<doc>Maximizes current browser window.</doc>
<status status="PASS" starttime="20231027 19:09:58.666" endtime="20231027 19:09:58.826"/>
</kw>
<kw name="Sleep" library="BuiltIn">
<arg>20s</arg>
<doc>Pauses the test executed for the given time.</doc>
<msg timestamp="20231027 19:10:18.827" level="INFO">Slept 20 seconds</msg>
<status status="PASS" starttime="20231027 19:09:58.826" endtime="20231027 19:10:18.827"/>
</kw>
<status status="PASS" starttime="20231027 19:09:44.616" endtime="20231027 19:10:18.828"/>
</kw>
<status status="PASS" starttime="20231027 19:09:44.616" endtime="20231027 19:10:18.828"/>
</test>
<status status="PASS" starttime="20231027 19:09:44.375" endtime="20231027 19:10:18.828"/>
</suite>
<statistics>
<total>
<stat pass="1" fail="0" skip="0">All Tests</stat>
</total>
<tag>
</tag>
<suite>
<stat pass="1" fail="0" skip="0" id="s1" name="Demojen1">Demojen1</stat>
</suite>
</statistics>
<errors>
</errors>
</robot>
