<?xml version="1.0" encoding="UTF-8"?>
<testng-results ignored="0" total="1" passed="1" failed="0" skipped="0">
  <reporter-output>
  </reporter-output>
  <suite started-at="2024-02-05T15:18:31 IST" name="Default suite" finished-at="2024-02-05T15:18:40 IST" duration-ms="9424">
    <groups>
    </groups>
    <test started-at="2024-02-05T15:18:31 IST" name="Default test" finished-at="2024-02-05T15:18:40 IST" duration-ms="9424">
      <class name="com.day1.testsuite.testexec">
        <test-method is-config="true" signature="browser()[pri:0, instance:com.day1.testsuite.testexec@25fb8912]" started-at="2024-02-05T15:18:31 IST" name="browser" finished-at="2024-02-05T15:18:37 IST" duration-ms="5755" status="PASS">
          <reporter-output>
          </reporter-output>
        </test-method> <!-- browser -->
        <test-method signature="tesexe()[pri:0, instance:com.day1.testsuite.testexec@25fb8912]" started-at="2024-02-05T15:18:37 IST" name="tesexe" finished-at="2024-02-05T15:18:40 IST" duration-ms="3382" status="PASS">
          <reporter-output>
          </reporter-output>
        </test-method> <!-- tesexe -->
        <test-method is-config="true" signature="at()[pri:0, instance:com.day1.testsuite.testexec@25fb8912]" started-at="2024-02-05T15:18:40 IST" name="at" finished-at="2024-02-05T15:18:40 IST" duration-ms="240" status="PASS">
          <reporter-output>
          </reporter-output>
        </test-method> <!-- at -->
      </class> <!-- com.day1.testsuite.testexec -->
    </test> <!-- Default test -->
  </suite> <!-- Default suite -->
</testng-results>
