<?xml version="1.0" encoding="UTF-8"?>
<testng-results ignored="0" total="1" passed="1" failed="0" skipped="0">
  <reporter-output>
  </reporter-output>
  <suite started-at="2024-02-12T15:41:39 IST" name="Default suite" finished-at="2024-02-12T15:42:00 IST" duration-ms="20940">
    <groups>
    </groups>
    <test started-at="2024-02-12T15:41:39 IST" name="Default test" finished-at="2024-02-12T15:42:00 IST" duration-ms="20940">
      <class name="com.demo.j.elementss">
        <test-method signature="login()[pri:0, instance:com.demo.j.elementss@49049a04]" started-at="2024-02-12T15:41:39 IST" name="login" finished-at="2024-02-12T15:42:00 IST" duration-ms="20852" status="PASS">
          <reporter-output>
          </reporter-output>
        </test-method> <!-- login -->
      </class> <!-- com.demo.j.elementss -->
    </test> <!-- Default test -->
  </suite> <!-- Default suite -->
</testng-results>
